INFO:root:запрос к серверу....
INFO:root:всё хорошо
INFO:root:запрос к серверу....
INFO:root:всё хорошо
INFO:root:запрос к серверу....
INFO:root:всё хорошо
INFO:root:запрос к серверу....
INFO:root:всё хорошо
WARNING:root:ошибка!
INFO:twilio.http_client:POST Request: https://api.twilio.com/2010-04-01/Accounts/ACc711bcdfbf62017768a52b63ad069006/Messages.json
INFO:twilio.http_client:PAYLOAD: {'To': '79951123345', 'From': '19378216672', 'Body': 'Ошибка в мониторинге'}
INFO:twilio.http_client:POST Response: 201 {"sid": "SM5d07e6a596604437b76d7d946c835622", "date_created": "Sun, 15 Nov 2020 16:14:21 +0000", "date_updated": "Sun, 15 Nov 2020 16:14:21 +0000", "date_sent": null, "account_sid": "ACc711bcdfbf62017768a52b63ad069006", "to": "+79951123345", "from": "+19378216672", "messaging_service_sid": null, "body": "Sent from your Twilio trial account - \u041e\u0448\u0438\u0431\u043a\u0430 \u0432 \u043c\u043e\u043d\u0438\u0442\u043e\u0440\u0438\u043d\u0433\u0435", "status": "queued", "num_segments": "1", "num_media": "0", "direction": "outbound-api", "api_version": "2010-04-01", "price": null, "price_unit": "USD", "error_code": null, "error_message": null, "uri": "/2010-04-01/Accounts/ACc711bcdfbf62017768a52b63ad069006/Messages/SM5d07e6a596604437b76d7d946c835622.json", "subresource_uris": {"media": "/2010-04-01/Accounts/ACc711bcdfbf62017768a52b63ad069006/Messages/SM5d07e6a596604437b76d7d946c835622/Media.json"}}
WARNING:root:ошибка!
INFO:twilio.http_client:POST Request: https://api.twilio.com/2010-04-01/Accounts/ACc711bcdfbf62017768a52b63ad069006/Messages.json
INFO:twilio.http_client:PAYLOAD: {'To': '79951123345', 'From': '19378216672', 'Body': 'Ошибка в мониторинге'}
INFO:twilio.http_client:POST Response: 201 {"sid": "SMa5ed49cabdd946bc8f459960f63b930c", "date_created": "Sun, 15 Nov 2020 16:14:27 +0000", "date_updated": "Sun, 15 Nov 2020 16:14:27 +0000", "date_sent": null, "account_sid": "ACc711bcdfbf62017768a52b63ad069006", "to": "+79951123345", "from": "+19378216672", "messaging_service_sid": null, "body": "Sent from your Twilio trial account - \u041e\u0448\u0438\u0431\u043a\u0430 \u0432 \u043c\u043e\u043d\u0438\u0442\u043e\u0440\u0438\u043d\u0433\u0435", "status": "queued", "num_segments": "1", "num_media": "0", "direction": "outbound-api", "api_version": "2010-04-01", "price": null, "price_unit": "USD", "error_code": null, "error_message": null, "uri": "/2010-04-01/Accounts/ACc711bcdfbf62017768a52b63ad069006/Messages/SMa5ed49cabdd946bc8f459960f63b930c.json", "subresource_uris": {"media": "/2010-04-01/Accounts/ACc711bcdfbf62017768a52b63ad069006/Messages/SMa5ed49cabdd946bc8f459960f63b930c/Media.json"}}
WARNING:root:ошибка!
INFO:twilio.http_client:POST Request: https://api.twilio.com/2010-04-01/Accounts/ACc711bcdfbf62017768a52b63ad069006/Messages.json
INFO:twilio.http_client:PAYLOAD: {'To': '79951123345', 'From': '19378216672', 'Body': 'Ошибка в мониторинге'}
INFO:twilio.http_client:POST Response: 201 {"sid": "SM83d338db28044e02aa552145e68c14e8", "date_created": "Sun, 15 Nov 2020 16:14:34 +0000", "date_updated": "Sun, 15 Nov 2020 16:14:34 +0000", "date_sent": null, "account_sid": "ACc711bcdfbf62017768a52b63ad069006", "to": "+79951123345", "from": "+19378216672", "messaging_service_sid": null, "body": "Sent from your Twilio trial account - \u041e\u0448\u0438\u0431\u043a\u0430 \u0432 \u043c\u043e\u043d\u0438\u0442\u043e\u0440\u0438\u043d\u0433\u0435", "status": "queued", "num_segments": "1", "num_media": "0", "direction": "outbound-api", "api_version": "2010-04-01", "price": null, "price_unit": "USD", "error_code": null, "error_message": null, "uri": "/2010-04-01/Accounts/ACc711bcdfbf62017768a52b63ad069006/Messages/SM83d338db28044e02aa552145e68c14e8.json", "subresource_uris": {"media": "/2010-04-01/Accounts/ACc711bcdfbf62017768a52b63ad069006/Messages/SM83d338db28044e02aa552145e68c14e8/Media.json"}}
WARNING:root:ошибка!
INFO:twilio.http_client:POST Request: https://api.twilio.com/2010-04-01/Accounts/ACc711bcdfbf62017768a52b63ad069006/Messages.json
INFO:twilio.http_client:PAYLOAD: {'To': '79951123345', 'From': '19378216672', 'Body': 'Ошибка в мониторинге'}
INFO:twilio.http_client:POST Response: 201 {"sid": "SM9611dd705093473f88fd1b93f7c8da45", "date_created": "Sun, 15 Nov 2020 16:14:40 +0000", "date_updated": "Sun, 15 Nov 2020 16:14:40 +0000", "date_sent": null, "account_sid": "ACc711bcdfbf62017768a52b63ad069006", "to": "+79951123345", "from": "+19378216672", "messaging_service_sid": null, "body": "Sent from your Twilio trial account - \u041e\u0448\u0438\u0431\u043a\u0430 \u0432 \u043c\u043e\u043d\u0438\u0442\u043e\u0440\u0438\u043d\u0433\u0435", "status": "queued", "num_segments": "1", "num_media": "0", "direction": "outbound-api", "api_version": "2010-04-01", "price": null, "price_unit": "USD", "error_code": null, "error_message": null, "uri": "/2010-04-01/Accounts/ACc711bcdfbf62017768a52b63ad069006/Messages/SM9611dd705093473f88fd1b93f7c8da45.json", "subresource_uris": {"media": "/2010-04-01/Accounts/ACc711bcdfbf62017768a52b63ad069006/Messages/SM9611dd705093473f88fd1b93f7c8da45/Media.json"}}
WARNING:root:ошибка!
INFO:twilio.http_client:POST Request: https://api.twilio.com/2010-04-01/Accounts/ACc711bcdfbf62017768a52b63ad069006/Messages.json
INFO:twilio.http_client:PAYLOAD: {'To': '79951123345', 'From': '19378216672', 'Body': 'Ошибка в мониторинге'}
INFO:twilio.http_client:POST Response: 201 {"sid": "SMf29bcb73fac5465fb2ec7ae1a9a43a1b", "date_created": "Sun, 15 Nov 2020 16:14:46 +0000", "date_updated": "Sun, 15 Nov 2020 16:14:46 +0000", "date_sent": null, "account_sid": "ACc711bcdfbf62017768a52b63ad069006", "to": "+79951123345", "from": "+19378216672", "messaging_service_sid": null, "body": "Sent from your Twilio trial account - \u041e\u0448\u0438\u0431\u043a\u0430 \u0432 \u043c\u043e\u043d\u0438\u0442\u043e\u0440\u0438\u043d\u0433\u0435", "status": "queued", "num_segments": "1", "num_media": "0", "direction": "outbound-api", "api_version": "2010-04-01", "price": null, "price_unit": "USD", "error_code": null, "error_message": null, "uri": "/2010-04-01/Accounts/ACc711bcdfbf62017768a52b63ad069006/Messages/SMf29bcb73fac5465fb2ec7ae1a9a43a1b.json", "subresource_uris": {"media": "/2010-04-01/Accounts/ACc711bcdfbf62017768a52b63ad069006/Messages/SMf29bcb73fac5465fb2ec7ae1a9a43a1b/Media.json"}}
WARNING:root:ошибка!
INFO:twilio.http_client:POST Request: https://api.twilio.com/2010-04-01/Accounts/ACc711bcdfbf62017768a52b63ad069006/Messages.json
INFO:twilio.http_client:PAYLOAD: {'To': '79951123345', 'From': '19378216672', 'Body': 'Ошибка в мониторинге'}
INFO:twilio.http_client:POST Response: 201 {"sid": "SMfef05180b11040bfb92868cf8a2ee863", "date_created": "Sun, 15 Nov 2020 16:14:52 +0000", "date_updated": "Sun, 15 Nov 2020 16:14:52 +0000", "date_sent": null, "account_sid": "ACc711bcdfbf62017768a52b63ad069006", "to": "+79951123345", "from": "+19378216672", "messaging_service_sid": null, "body": "Sent from your Twilio trial account - \u041e\u0448\u0438\u0431\u043a\u0430 \u0432 \u043c\u043e\u043d\u0438\u0442\u043e\u0440\u0438\u043d\u0433\u0435", "status": "queued", "num_segments": "1", "num_media": "0", "direction": "outbound-api", "api_version": "2010-04-01", "price": null, "price_unit": "USD", "error_code": null, "error_message": null, "uri": "/2010-04-01/Accounts/ACc711bcdfbf62017768a52b63ad069006/Messages/SMfef05180b11040bfb92868cf8a2ee863.json", "subresource_uris": {"media": "/2010-04-01/Accounts/ACc711bcdfbf62017768a52b63ad069006/Messages/SMfef05180b11040bfb92868cf8a2ee863/Media.json"}}
WARNING:root:ошибка!
INFO:twilio.http_client:POST Request: https://api.twilio.com/2010-04-01/Accounts/ACc711bcdfbf62017768a52b63ad069006/Messages.json
INFO:twilio.http_client:PAYLOAD: {'To': '79951123345', 'From': '19378216672', 'Body': 'Ошибка в мониторинге'}
INFO:twilio.http_client:POST Response: 201 {"sid": "SMa8030f244bfa43679d955302c5786e92", "date_created": "Sun, 15 Nov 2020 16:14:59 +0000", "date_updated": "Sun, 15 Nov 2020 16:14:59 +0000", "date_sent": null, "account_sid": "ACc711bcdfbf62017768a52b63ad069006", "to": "+79951123345", "from": "+19378216672", "messaging_service_sid": null, "body": "Sent from your Twilio trial account - \u041e\u0448\u0438\u0431\u043a\u0430 \u0432 \u043c\u043e\u043d\u0438\u0442\u043e\u0440\u0438\u043d\u0433\u0435", "status": "queued", "num_segments": "1", "num_media": "0", "direction": "outbound-api", "api_version": "2010-04-01", "price": null, "price_unit": "USD", "error_code": null, "error_message": null, "uri": "/2010-04-01/Accounts/ACc711bcdfbf62017768a52b63ad069006/Messages/SMa8030f244bfa43679d955302c5786e92.json", "subresource_uris": {"media": "/2010-04-01/Accounts/ACc711bcdfbf62017768a52b63ad069006/Messages/SMa8030f244bfa43679d955302c5786e92/Media.json"}}
WARNING:root:ошибка!
INFO:twilio.http_client:POST Request: https://api.twilio.com/2010-04-01/Accounts/ACc711bcdfbf62017768a52b63ad069006/Messages.json
INFO:twilio.http_client:PAYLOAD: {'To': '79951123345', 'From': '19378216672', 'Body': 'Ошибка в мониторинге'}
INFO:twilio.http_client:POST Response: 201 {"sid": "SM4b92d66878104f9ab840ec1bba7d9a76", "date_created": "Sun, 15 Nov 2020 16:15:05 +0000", "date_updated": "Sun, 15 Nov 2020 16:15:05 +0000", "date_sent": null, "account_sid": "ACc711bcdfbf62017768a52b63ad069006", "to": "+79951123345", "from": "+19378216672", "messaging_service_sid": null, "body": "Sent from your Twilio trial account - \u041e\u0448\u0438\u0431\u043a\u0430 \u0432 \u043c\u043e\u043d\u0438\u0442\u043e\u0440\u0438\u043d\u0433\u0435", "status": "queued", "num_segments": "1", "num_media": "0", "direction": "outbound-api", "api_version": "2010-04-01", "price": null, "price_unit": "USD", "error_code": null, "error_message": null, "uri": "/2010-04-01/Accounts/ACc711bcdfbf62017768a52b63ad069006/Messages/SM4b92d66878104f9ab840ec1bba7d9a76.json", "subresource_uris": {"media": "/2010-04-01/Accounts/ACc711bcdfbf62017768a52b63ad069006/Messages/SM4b92d66878104f9ab840ec1bba7d9a76/Media.json"}}
